<?xml version="1.0" encoding="UTF-8"?>
<testsuite xmlns:xsi="http://www.w3.org/2001/XMLSchema-instance" xsi:noNamespaceSchemaLocation="https://maven.apache.org/surefire/maven-surefire-plugin/xsd/surefire-test-report.xsd" name="ca.psdev.mssc.productevents.sandbox.InfiniteStreamsTest" time="3.358" tests="3" errors="0" skipped="0" failures="0">
  <properties>
[...]
</properties>
  <testcase name="shouldCreateInfiniteSequence" classname="ca.psdev.mssc.productevents.sandbox.InfiniteStreamsTest" time="3.116"/>
  <testcase name="shouldCreateFibonacci" classname="ca.psdev.mssc.productevents.sandbox.InfiniteStreamsTest" time="0.055"/>
  <testcase name="shouldHandleBackpressure" classname="ca.psdev.mssc.productevents.sandbox.InfiniteStreamsTest" time="0.182"/>
</testsuite>